02:48:54 [Thread:main] [Class:autoapp.automation.utility.BrowserDrivers] [Method:InitializeDriver] INFO -- chrome
02:49:00 [Thread:main] [Class:autoapp.automation.stepDef.BaseSteps] [Method:<init>] INFO -- Base steps constructor - started
02:49:01 [Thread:main] [Class:autoapp.automation.stepDef.BaseSteps] [Method:<init>] INFO -- Base steps constructor - finished
02:49:01 [Thread:main] [Class:autoapp.automation.stepDef.BaseSteps] [Method:logScenarioStartInfo] INFO -- *********** Started running cucumber scenario -- Validate incorrect email address ***************
02:49:01 [Thread:main] [Class:autoapp.automation.stepDef.BaseSteps] [Method:i_am_in_HomePage] INFO -- http://automationpractice.com/index.php
02:49:06 [Thread:main] [Class:autoapp.automation.stepDef.BaseSteps] [Method:i_am_in_HomePage] INFO -- Home page url launched successfully
02:49:09 [Thread:main] [Class:autoapp.automation.stepDef.BaseSteps] [Method:click_Sign_In] INFO -- Succeccfully clicked Sign In
02:49:09 [Thread:main] [Class:autoapp.automation.stepDef.BaseSteps] [Method:i_enter_incorrect] INFO -- Incorrect email address : demo2
02:49:13 [Thread:main] [Class:autoapp.automation.stepDef.BaseSteps] [Method:i_enter_incorrect] INFO -- Entered incorrect email address and clicked sign in
02:49:13 [Thread:main] [Class:autoapp.automation.stepDef.BaseSteps] [Method:validate_the_errorMessage] INFO -- Validate the error message01 - There is 1 error
02:49:13 [Thread:main] [Class:autoapp.automation.stepDef.BaseSteps] [Method:validate_the_errorMessage] INFO -- Validate the error message01 - Invalid email address.
02:49:13 [Thread:main] [Class:autoapp.automation.stepDef.BaseSteps] [Method:validate_the_errorMessage] INFO -- Error message validated successfully
02:49:13 [Thread:main] [Class:autoapp.automation.stepDef.BaseSteps] [Method:embedScreenshot] INFO -- @After - started
02:49:15 [Thread:main] [Class:autoapp.automation.stepDef.BaseSteps] [Method:embedScreenshot] INFO -- ************* Finished running cucumber scenario -- Validate incorrect email address *****************
02:49:15 [Thread:main] [Class:autoapp.automation.utility.BrowserDrivers] [Method:InitializeDriver] INFO -- chrome
02:49:19 [Thread:main] [Class:autoapp.automation.stepDef.BaseSteps] [Method:<init>] INFO -- Base steps constructor - started
02:49:19 [Thread:main] [Class:autoapp.automation.stepDef.BaseSteps] [Method:<init>] INFO -- Base steps constructor - finished
02:49:19 [Thread:main] [Class:autoapp.automation.stepDef.BaseSteps] [Method:logScenarioStartInfo] INFO -- *********** Started running cucumber scenario -- Validate the selected colour of the dress ***************
02:49:19 [Thread:main] [Class:autoapp.automation.stepDef.BaseSteps] [Method:i_am_in_HomePage] INFO -- http://automationpractice.com/index.php
02:49:26 [Thread:main] [Class:autoapp.automation.stepDef.BaseSteps] [Method:i_am_in_HomePage] INFO -- Home page url launched successfully
02:49:26 [Thread:main] [Class:autoapp.automation.stepDef.BaseSteps] [Method:select_the_of_colour_the_T_Shirt_and_add_to_cart] INFO -- Colour of the dress - blue
02:49:33 [Thread:main] [Class:autoapp.automation.stepDef.BaseSteps] [Method:select_the_of_colour_the_T_Shirt_and_add_to_cart] INFO -- Added successfully to the cart
02:49:33 [Thread:main] [Class:autoapp.automation.stepDef.BaseSteps] [Method:validate_the_productname_colour_and_quantity] INFO -- Name of the product - Faded Short Sleeve T-shirts
02:49:33 [Thread:main] [Class:autoapp.automation.stepDef.BaseSteps] [Method:validate_the_productname_colour_and_quantity] INFO -- Colour of the dress - blue
02:49:33 [Thread:main] [Class:autoapp.automation.stepDef.BaseSteps] [Method:embedScreenshot] INFO -- @After - started
02:49:35 [Thread:main] [Class:autoapp.automation.stepDef.BaseSteps] [Method:embedScreenshot] INFO -- ************* Finished running cucumber scenario -- Validate the selected colour of the dress *****************
02:49:35 [Thread:main] [Class:autoapp.automation.utility.BrowserDrivers] [Method:InitializeDriver] INFO -- chrome
02:49:39 [Thread:main] [Class:autoapp.automation.stepDef.BaseSteps] [Method:<init>] INFO -- Base steps constructor - started
02:49:39 [Thread:main] [Class:autoapp.automation.stepDef.BaseSteps] [Method:<init>] INFO -- Base steps constructor - finished
02:49:39 [Thread:main] [Class:autoapp.automation.stepDef.BaseSteps] [Method:logScenarioStartInfo] INFO -- *********** Started running cucumber scenario -- Check whether Megamenu works ***************
02:49:39 [Thread:main] [Class:autoapp.automation.stepDef.BaseSteps] [Method:i_am_in_HomePage] INFO -- http://automationpractice.com/index.php
02:49:45 [Thread:main] [Class:autoapp.automation.stepDef.BaseSteps] [Method:i_am_in_HomePage] INFO -- Home page url launched successfully
02:49:50 [Thread:main] [Class:autoapp.automation.stepDef.BaseSteps] [Method:i_navigate_to_summerdresses_page_using_the_megamenu] INFO -- Navigated to summer dress page
02:49:53 [Thread:main] [Class:autoapp.automation.stepDef.BaseSteps] [Method:title_is_validated] INFO -- Page Title - Summer Dresses - My Store
02:49:53 [Thread:main] [Class:autoapp.automation.stepDef.BaseSteps] [Method:embedScreenshot] INFO -- @After - started
02:49:54 [Thread:main] [Class:autoapp.automation.stepDef.BaseSteps] [Method:embedScreenshot] INFO -- ************* Finished running cucumber scenario -- Check whether Megamenu works *****************
10:54:25 [Thread:main] [Class:autoapp.automation.utility.BrowserDrivers] [Method:InitializeDriver] INFO -- chrome
10:54:31 [Thread:main] [Class:autoapp.automation.stepDef.BaseSteps] [Method:<init>] INFO -- Base steps constructor - started
10:54:31 [Thread:main] [Class:autoapp.automation.stepDef.BaseSteps] [Method:<init>] INFO -- Base steps constructor - finished
10:54:31 [Thread:main] [Class:autoapp.automation.stepDef.BaseSteps] [Method:logScenarioStartInfo] INFO -- *********** Started running cucumber scenario -- Validate incorrect email address ***************
10:54:31 [Thread:main] [Class:autoapp.automation.stepDef.BaseSteps] [Method:i_am_in_HomePage] INFO -- http://automationpractice.com/index.php
10:54:43 [Thread:main] [Class:autoapp.automation.stepDef.BaseSteps] [Method:i_am_in_HomePage] INFO -- Home page url launched successfully
10:54:46 [Thread:main] [Class:autoapp.automation.stepDef.BaseSteps] [Method:click_Sign_In] INFO -- Succeccfully clicked Sign In
10:54:46 [Thread:main] [Class:autoapp.automation.stepDef.BaseSteps] [Method:i_enter_incorrect] INFO -- Incorrect email address : demo2
10:54:50 [Thread:main] [Class:autoapp.automation.stepDef.BaseSteps] [Method:i_enter_incorrect] INFO -- Entered incorrect email address and clicked sign in
10:54:50 [Thread:main] [Class:autoapp.automation.stepDef.BaseSteps] [Method:validate_the_errorMessage] INFO -- Validate the error message01 - There is 1 error
10:54:50 [Thread:main] [Class:autoapp.automation.stepDef.BaseSteps] [Method:validate_the_errorMessage] INFO -- Validate the error message01 - Invalid email address.
10:54:50 [Thread:main] [Class:autoapp.automation.stepDef.BaseSteps] [Method:validate_the_errorMessage] INFO -- Error message validated successfully
10:54:50 [Thread:main] [Class:autoapp.automation.stepDef.BaseSteps] [Method:embedScreenshot] INFO -- @After - started
10:54:52 [Thread:main] [Class:autoapp.automation.stepDef.BaseSteps] [Method:embedScreenshot] INFO -- ************* Finished running cucumber scenario -- Validate incorrect email address *****************
10:54:52 [Thread:main] [Class:autoapp.automation.utility.BrowserDrivers] [Method:InitializeDriver] INFO -- chrome
10:54:56 [Thread:main] [Class:autoapp.automation.stepDef.BaseSteps] [Method:<init>] INFO -- Base steps constructor - started
10:54:56 [Thread:main] [Class:autoapp.automation.stepDef.BaseSteps] [Method:<init>] INFO -- Base steps constructor - finished
10:54:56 [Thread:main] [Class:autoapp.automation.stepDef.BaseSteps] [Method:logScenarioStartInfo] INFO -- *********** Started running cucumber scenario -- Validate the selected colour of the dress ***************
10:54:56 [Thread:main] [Class:autoapp.automation.stepDef.BaseSteps] [Method:i_am_in_HomePage] INFO -- http://automationpractice.com/index.php
10:55:06 [Thread:main] [Class:autoapp.automation.stepDef.BaseSteps] [Method:i_am_in_HomePage] INFO -- Home page url launched successfully
10:55:06 [Thread:main] [Class:autoapp.automation.stepDef.BaseSteps] [Method:select_the_of_colour_the_T_Shirt_and_add_to_cart] INFO -- Colour of the dress - blue
10:55:13 [Thread:main] [Class:autoapp.automation.stepDef.BaseSteps] [Method:select_the_of_colour_the_T_Shirt_and_add_to_cart] INFO -- Added successfully to the cart
10:55:13 [Thread:main] [Class:autoapp.automation.stepDef.BaseSteps] [Method:validate_the_productname_colour_and_quantity] INFO -- Name of the product - Faded Short Sleeve T-shirts
10:55:13 [Thread:main] [Class:autoapp.automation.stepDef.BaseSteps] [Method:validate_the_productname_colour_and_quantity] INFO -- Colour of the dress - blue
10:55:13 [Thread:main] [Class:autoapp.automation.stepDef.BaseSteps] [Method:embedScreenshot] INFO -- @After - started
10:55:15 [Thread:main] [Class:autoapp.automation.stepDef.BaseSteps] [Method:embedScreenshot] INFO -- ************* Finished running cucumber scenario -- Validate the selected colour of the dress *****************
10:55:15 [Thread:main] [Class:autoapp.automation.utility.BrowserDrivers] [Method:InitializeDriver] INFO -- chrome
10:55:19 [Thread:main] [Class:autoapp.automation.stepDef.BaseSteps] [Method:<init>] INFO -- Base steps constructor - started
10:55:19 [Thread:main] [Class:autoapp.automation.stepDef.BaseSteps] [Method:<init>] INFO -- Base steps constructor - finished
10:55:19 [Thread:main] [Class:autoapp.automation.stepDef.BaseSteps] [Method:logScenarioStartInfo] INFO -- *********** Started running cucumber scenario -- Check whether Megamenu works ***************
10:55:19 [Thread:main] [Class:autoapp.automation.stepDef.BaseSteps] [Method:i_am_in_HomePage] INFO -- http://automationpractice.com/index.php
10:55:26 [Thread:main] [Class:autoapp.automation.stepDef.BaseSteps] [Method:i_am_in_HomePage] INFO -- Home page url launched successfully
10:55:31 [Thread:main] [Class:autoapp.automation.stepDef.BaseSteps] [Method:i_navigate_to_summerdresses_page_using_the_megamenu] INFO -- Navigated to summer dress page
10:55:35 [Thread:main] [Class:autoapp.automation.stepDef.BaseSteps] [Method:title_is_validated] INFO -- Page Title - Summer Dresses - My Store
10:55:35 [Thread:main] [Class:autoapp.automation.stepDef.BaseSteps] [Method:embedScreenshot] INFO -- @After - started
10:55:36 [Thread:main] [Class:autoapp.automation.stepDef.BaseSteps] [Method:embedScreenshot] INFO -- ************* Finished running cucumber scenario -- Check whether Megamenu works *****************
15:28:32 [Thread:main] [Class:autoapp.automation.utility.BrowserDrivers] [Method:InitializeDriver] INFO -- chrome
15:28:39 [Thread:main] [Class:autoapp.automation.stepDef.BaseSteps] [Method:<init>] INFO -- Base steps constructor - started
15:28:39 [Thread:main] [Class:autoapp.automation.stepDef.BaseSteps] [Method:<init>] INFO -- Base steps constructor - finished
15:28:39 [Thread:main] [Class:autoapp.automation.stepDef.BaseSteps] [Method:logScenarioStartInfo] INFO -- *********** Started running cucumber scenario -- Validate incorrect email address ***************
15:28:39 [Thread:main] [Class:autoapp.automation.stepDef.BaseSteps] [Method:i_am_in_HomePage] INFO -- http://automationpractice.com/index.php
15:28:49 [Thread:main] [Class:autoapp.automation.stepDef.BaseSteps] [Method:i_am_in_HomePage] INFO -- Home page url launched successfully
15:28:52 [Thread:main] [Class:autoapp.automation.stepDef.BaseSteps] [Method:click_Sign_In] INFO -- Succeccfully clicked Sign In
15:28:52 [Thread:main] [Class:autoapp.automation.stepDef.BaseSteps] [Method:i_enter_incorrect] INFO -- Incorrect email address : demo2
15:28:56 [Thread:main] [Class:autoapp.automation.stepDef.BaseSteps] [Method:i_enter_incorrect] INFO -- Entered incorrect email address and clicked sign in
15:28:56 [Thread:main] [Class:autoapp.automation.stepDef.BaseSteps] [Method:validate_the_errorMessage] INFO -- Validate the error message01 - There is 1 error
15:28:56 [Thread:main] [Class:autoapp.automation.stepDef.BaseSteps] [Method:validate_the_errorMessage] INFO -- Validate the error message01 - Invalid email address.
15:28:56 [Thread:main] [Class:autoapp.automation.stepDef.BaseSteps] [Method:validate_the_errorMessage] INFO -- Error message validated successfully
15:28:56 [Thread:main] [Class:autoapp.automation.stepDef.BaseSteps] [Method:embedScreenshot] INFO -- @After - started
15:28:58 [Thread:main] [Class:autoapp.automation.stepDef.BaseSteps] [Method:embedScreenshot] INFO -- ************* Finished running cucumber scenario -- Validate incorrect email address *****************
15:28:58 [Thread:main] [Class:autoapp.automation.utility.BrowserDrivers] [Method:InitializeDriver] INFO -- chrome
15:29:04 [Thread:main] [Class:autoapp.automation.stepDef.BaseSteps] [Method:<init>] INFO -- Base steps constructor - started
15:29:04 [Thread:main] [Class:autoapp.automation.stepDef.BaseSteps] [Method:<init>] INFO -- Base steps constructor - finished
15:29:04 [Thread:main] [Class:autoapp.automation.stepDef.BaseSteps] [Method:logScenarioStartInfo] INFO -- *********** Started running cucumber scenario -- Validate the selected colour of the dress ***************
15:29:04 [Thread:main] [Class:autoapp.automation.stepDef.BaseSteps] [Method:i_am_in_HomePage] INFO -- http://automationpractice.com/index.php
15:29:13 [Thread:main] [Class:autoapp.automation.stepDef.BaseSteps] [Method:i_am_in_HomePage] INFO -- Home page url launched successfully
15:29:13 [Thread:main] [Class:autoapp.automation.stepDef.BaseSteps] [Method:select_the_of_colour_the_T_Shirt_and_add_to_cart] INFO -- Colour of the dress - blue
15:29:21 [Thread:main] [Class:autoapp.automation.stepDef.BaseSteps] [Method:select_the_of_colour_the_T_Shirt_and_add_to_cart] INFO -- Added successfully to the cart
15:29:21 [Thread:main] [Class:autoapp.automation.stepDef.BaseSteps] [Method:validate_the_productname_colour_and_quantity] INFO -- Name of the product - Faded Short Sleeve T-shirts
15:29:21 [Thread:main] [Class:autoapp.automation.stepDef.BaseSteps] [Method:validate_the_productname_colour_and_quantity] INFO -- Colour of the dress - blue
15:29:22 [Thread:main] [Class:autoapp.automation.stepDef.BaseSteps] [Method:embedScreenshot] INFO -- @After - started
15:29:24 [Thread:main] [Class:autoapp.automation.stepDef.BaseSteps] [Method:embedScreenshot] INFO -- ************* Finished running cucumber scenario -- Validate the selected colour of the dress *****************
15:29:24 [Thread:main] [Class:autoapp.automation.utility.BrowserDrivers] [Method:InitializeDriver] INFO -- chrome
15:29:29 [Thread:main] [Class:autoapp.automation.stepDef.BaseSteps] [Method:<init>] INFO -- Base steps constructor - started
15:29:29 [Thread:main] [Class:autoapp.automation.stepDef.BaseSteps] [Method:<init>] INFO -- Base steps constructor - finished
15:29:29 [Thread:main] [Class:autoapp.automation.stepDef.BaseSteps] [Method:logScenarioStartInfo] INFO -- *********** Started running cucumber scenario -- Check whether Megamenu works ***************
15:29:29 [Thread:main] [Class:autoapp.automation.stepDef.BaseSteps] [Method:i_am_in_HomePage] INFO -- http://automationpractice.com/index.php
15:29:45 [Thread:main] [Class:autoapp.automation.stepDef.BaseSteps] [Method:i_am_in_HomePage] INFO -- Home page url launched successfully
15:29:50 [Thread:main] [Class:autoapp.automation.stepDef.BaseSteps] [Method:i_navigate_to_summerdresses_page_using_the_megamenu] INFO -- Navigated to summer dress page
15:29:56 [Thread:main] [Class:autoapp.automation.stepDef.BaseSteps] [Method:title_is_validated] INFO -- Page Title - Summer Dresses - My Store
15:29:56 [Thread:main] [Class:autoapp.automation.stepDef.BaseSteps] [Method:embedScreenshot] INFO -- @After - started
15:29:58 [Thread:main] [Class:autoapp.automation.stepDef.BaseSteps] [Method:embedScreenshot] INFO -- ************* Finished running cucumber scenario -- Check whether Megamenu works *****************
